//------------------------------------------------------------------------------
//--  Generated by TunerStudio 
//--  Date: 12-26-2020
//--  Time: 11:29
//--  This file merely records what was sent to your Controller,        
//--  and may be deleted at any time.                                                    
//--  Selected type: Custom#1 Temperature Sensor 
//------------------------------------------------------------------------------

//-- generated using refTable Generator:thermGenerator
//-- Table Identifier:003//--    Generated by ThermTableGenerator using user input values. 
//--    Bias Resistor value: 42200.0 Ohms
//--    Temperature1: 68.0(F), 	Resistance 1: 41500.0 Ohms 
//--    Temperature2: 122.0(F), 	Resistance 2: 11850.0 Ohms 
//--    Temperature3: 185.0(F), 	Resistance 3: 3500.0 Ohms 
//-- 

//----------------------------------------------------------//
ADC 	Value 	MSVal 	volts
0	70.00	700 	0.000
1	70.00	700 	0.005
2	70.00	700 	0.010
3	70.00	700 	0.015
4	70.00	700 	0.020
5	393.86	3939 	0.024
6	376.53	3765 	0.029
7	362.39	3624 	0.034
8	350.49	3505 	0.039
9	340.26	3403 	0.044
10	331.30	3313 	0.049
11	323.36	3234 	0.054
12	316.22	3162 	0.059
13	309.77	3098 	0.063
14	303.87	3039 	0.068
15	298.45	2985 	0.073
16	293.45	2934 	0.078
17	288.80	2888 	0.083
18	284.46	2845 	0.088
19	280.39	2804 	0.093
20	276.57	2766 	0.098
21	272.96	2730 	0.103
22	269.55	2696 	0.107
23	266.32	2663 	0.112
24	263.25	2632 	0.117
25	260.32	2603 	0.122
26	257.52	2575 	0.127
27	254.85	2549 	0.132
28	252.29	2523 	0.137
29	249.83	2498 	0.142
30	247.47	2475 	0.146
31	245.20	2452 	0.151
32	243.01	2430 	0.156
33	240.90	2409 	0.161
34	238.86	2389 	0.166
35	236.89	2369 	0.171
36	234.98	2350 	0.176
37	233.13	2331 	0.181
38	231.34	2313 	0.186
39	229.60	2296 	0.190
40	227.91	2279 	0.195
41	226.27	2263 	0.200
42	224.67	2247 	0.205
43	223.12	2231 	0.210
44	221.61	2216 	0.215
45	220.13	2201 	0.220
46	218.69	2187 	0.225
47	217.29	2173 	0.229
48	215.92	2159 	0.234
49	214.58	2146 	0.239
50	213.28	2133 	0.244
51	212.00	2120 	0.249
52	210.75	2107 	0.254
53	209.52	2095 	0.259
54	208.33	2083 	0.264
55	207.15	2072 	0.269
56	206.00	2060 	0.273
57	204.88	2049 	0.278
58	203.77	2038 	0.283
59	202.69	2027 	0.288
60	201.62	2016 	0.293
61	200.58	2006 	0.298
62	199.56	1996 	0.303
63	198.55	1985 	0.308
64	197.56	1976 	0.313
65	196.59	1966 	0.317
66	195.63	1956 	0.322
67	194.69	1947 	0.327
68	193.77	1938 	0.332
69	192.86	1929 	0.337
70	191.96	1920 	0.342
71	191.08	1911 	0.347
72	190.22	1902 	0.352
73	189.36	1894 	0.356
74	188.52	1885 	0.361
75	187.69	1877 	0.366
76	186.87	1869 	0.371
77	186.07	1861 	0.376
78	185.27	1853 	0.381
79	184.49	1845 	0.386
80	183.72	1837 	0.391
81	182.96	1830 	0.396
82	182.21	1822 	0.400
83	181.46	1815 	0.405
84	180.73	1807 	0.410
85	180.01	1800 	0.415
86	179.30	1793 	0.420
87	178.59	1786 	0.425
88	177.90	1779 	0.430
89	177.21	1772 	0.435
90	176.53	1765 	0.439
91	175.86	1759 	0.444
92	175.20	1752 	0.449
93	174.54	1745 	0.454
94	173.89	1739 	0.459
95	173.25	1733 	0.464
96	172.62	1726 	0.469
97	171.99	1720 	0.474
98	171.37	1714 	0.479
99	170.76	1708 	0.483
100	170.15	1702 	0.488
101	169.56	1696 	0.493
102	168.96	1690 	0.498
103	168.38	1684 	0.503
104	167.79	1678 	0.508
105	167.22	1672 	0.513
106	166.65	1666 	0.518
107	166.09	1661 	0.522
108	165.53	1655 	0.527
109	164.98	1650 	0.532
110	164.43	1644 	0.537
111	163.89	1639 	0.542
112	163.35	1633 	0.547
113	162.82	1628 	0.552
114	162.29	1623 	0.557
115	161.77	1618 	0.562
116	161.25	1613 	0.566
117	160.74	1607 	0.571
118	160.23	1602 	0.576
119	159.73	1597 	0.581
120	159.23	1592 	0.586
121	158.73	1587 	0.591
122	158.24	1582 	0.596
123	157.75	1578 	0.601
124	157.27	1573 	0.605
125	156.79	1568 	0.610
126	156.32	1563 	0.615
127	155.85	1558 	0.620
128	155.38	1554 	0.625
129	154.92	1549 	0.630
130	154.46	1545 	0.635
131	154.00	1540 	0.640
132	153.55	1536 	0.645
133	153.10	1531 	0.649
134	152.66	1527 	0.654
135	152.22	1522 	0.659
136	151.78	1518 	0.664
137	151.34	1513 	0.669
138	150.91	1509 	0.674
139	150.48	1505 	0.679
140	150.06	1501 	0.684
141	149.63	1496 	0.688
142	149.21	1492 	0.693
143	148.80	1488 	0.698
144	148.38	1484 	0.703
145	147.97	1480 	0.708
146	147.57	1476 	0.713
147	147.16	1472 	0.718
148	146.76	1468 	0.723
149	146.36	1464 	0.728
150	145.96	1460 	0.732
151	145.57	1456 	0.737
152	145.18	1452 	0.742
153	144.79	1448 	0.747
154	144.40	1444 	0.752
155	144.02	1440 	0.757
156	143.64	1436 	0.762
157	143.26	1433 	0.767
158	142.88	1429 	0.771
159	142.51	1425 	0.776
160	142.14	1421 	0.781
161	141.77	1418 	0.786
162	141.40	1414 	0.791
163	141.03	1410 	0.796
164	140.67	1407 	0.801
165	140.31	1403 	0.806
166	139.95	1400 	0.811
167	139.60	1396 	0.815
168	139.24	1392 	0.820
169	138.89	1389 	0.825
170	138.54	1385 	0.830
171	138.19	1382 	0.835
172	137.85	1378 	0.840
173	137.50	1375 	0.845
174	137.16	1372 	0.850
175	136.82	1368 	0.854
176	136.48	1365 	0.859
177	136.14	1361 	0.864
178	135.81	1358 	0.869
179	135.48	1355 	0.874
180	135.15	1351 	0.879
181	134.82	1348 	0.884
182	134.49	1345 	0.889
183	134.16	1342 	0.894
184	133.84	1338 	0.898
185	133.52	1335 	0.903
186	133.20	1332 	0.908
187	132.88	1329 	0.913
188	132.56	1326 	0.918
189	132.24	1322 	0.923
190	131.93	1319 	0.928
191	131.62	1316 	0.933
192	131.31	1313 	0.938
193	131.00	1310 	0.942
194	130.69	1307 	0.947
195	130.38	1304 	0.952
196	130.08	1301 	0.957
197	129.77	1298 	0.962
198	129.47	1295 	0.967
199	129.17	1292 	0.972
200	128.87	1289 	0.977
201	128.57	1286 	0.981
202	128.28	1283 	0.986
203	127.98	1280 	0.991
204	127.69	1277 	0.996
205	127.39	1274 	1.001
206	127.10	1271 	1.006
207	126.81	1268 	1.011
208	126.53	1265 	1.016
209	126.24	1262 	1.021
210	125.95	1260 	1.025
211	125.67	1257 	1.030
212	125.38	1254 	1.035
213	125.10	1251 	1.040
214	124.82	1248 	1.045
215	124.54	1245 	1.050
216	124.26	1243 	1.055
217	123.99	1240 	1.060
218	123.71	1237 	1.064
219	123.43	1234 	1.069
220	123.16	1232 	1.074
221	122.89	1229 	1.079
222	122.62	1226 	1.084
223	122.35	1223 	1.089
224	122.08	1221 	1.094
225	121.81	1218 	1.099
226	121.54	1215 	1.104
227	121.27	1213 	1.108
228	121.01	1210 	1.113
229	120.75	1207 	1.118
230	120.48	1205 	1.123
231	120.22	1202 	1.128
232	119.96	1200 	1.133
233	119.70	1197 	1.138
234	119.44	1194 	1.143
235	119.18	1192 	1.147
236	118.93	1189 	1.152
237	118.67	1187 	1.157
238	118.41	1184 	1.162
239	118.16	1182 	1.167
240	117.91	1179 	1.172
241	117.65	1177 	1.177
242	117.40	1174 	1.182
243	117.15	1172 	1.187
244	116.90	1169 	1.191
245	116.65	1167 	1.196
246	116.41	1164 	1.201
247	116.16	1162 	1.206
248	115.91	1159 	1.211
249	115.67	1157 	1.216
250	115.42	1154 	1.221
251	115.18	1152 	1.226
252	114.94	1149 	1.230
253	114.70	1147 	1.235
254	114.46	1145 	1.240
255	114.22	1142 	1.245
256	113.98	1140 	1.250
257	113.74	1137 	1.255
258	113.50	1135 	1.260
259	113.26	1133 	1.265
260	113.03	1130 	1.270
261	112.79	1128 	1.274
262	112.56	1126 	1.279
263	112.32	1123 	1.284
264	112.09	1121 	1.289
265	111.86	1119 	1.294
266	111.63	1116 	1.299
267	111.40	1114 	1.304
268	111.16	1112 	1.309
269	110.94	1109 	1.313
270	110.71	1107 	1.318
271	110.48	1105 	1.323
272	110.25	1103 	1.328
273	110.02	1100 	1.333
274	109.80	1098 	1.338
275	109.57	1096 	1.343
276	109.35	1093 	1.348
277	109.13	1091 	1.353
278	108.90	1089 	1.357
279	108.68	1087 	1.362
280	108.46	1085 	1.367
281	108.24	1082 	1.372
282	108.02	1080 	1.377
283	107.80	1078 	1.382
284	107.58	1076 	1.387
285	107.36	1074 	1.392
286	107.14	1071 	1.396
287	106.92	1069 	1.401
288	106.70	1067 	1.406
289	106.49	1065 	1.411
290	106.27	1063 	1.416
291	106.06	1061 	1.421
292	105.84	1058 	1.426
293	105.63	1056 	1.431
294	105.42	1054 	1.436
295	105.20	1052 	1.440
296	104.99	1050 	1.445
297	104.78	1048 	1.450
298	104.57	1046 	1.455
299	104.36	1044 	1.460
300	104.15	1041 	1.465
301	103.94	1039 	1.470
302	103.73	1037 	1.475
303	103.52	1035 	1.479
304	103.31	1033 	1.484
305	103.11	1031 	1.489
306	102.90	1029 	1.494
307	102.69	1027 	1.499
308	102.49	1025 	1.504
309	102.28	1023 	1.509
310	102.08	1021 	1.514
311	101.87	1019 	1.519
312	101.67	1017 	1.523
313	101.47	1015 	1.528
314	101.26	1013 	1.533
315	101.06	1011 	1.538
316	100.86	1009 	1.543
317	100.66	1007 	1.548
318	100.46	1005 	1.553
319	100.26	1003 	1.558
320	100.06	1001 	1.563
321	99.86	999 	1.567
322	99.66	997 	1.572
323	99.46	995 	1.577
324	99.26	993 	1.582
325	99.07	991 	1.587
326	98.87	989 	1.592
327	98.67	987 	1.597
328	98.48	985 	1.602
329	98.28	983 	1.606
330	98.09	981 	1.611
331	97.89	979 	1.616
332	97.70	977 	1.621
333	97.50	975 	1.626
334	97.31	973 	1.631
335	97.12	971 	1.636
336	96.92	969 	1.641
337	96.73	967 	1.646
338	96.54	965 	1.650
339	96.35	963 	1.655
340	96.16	962 	1.660
341	95.97	960 	1.665
342	95.78	958 	1.670
343	95.59	956 	1.675
344	95.40	954 	1.680
345	95.21	952 	1.685
346	95.02	950 	1.689
347	94.83	948 	1.694
348	94.64	946 	1.699
349	94.46	945 	1.704
350	94.27	943 	1.709
351	94.08	941 	1.714
352	93.90	939 	1.719
353	93.71	937 	1.724
354	93.52	935 	1.729
355	93.34	933 	1.733
356	93.15	932 	1.738
357	92.97	930 	1.743
358	92.78	928 	1.748
359	92.60	926 	1.753
360	92.42	924 	1.758
361	92.23	922 	1.763
362	92.05	921 	1.768
363	91.87	919 	1.772
364	91.69	917 	1.777
365	91.50	915 	1.782
366	91.32	913 	1.787
367	91.14	911 	1.792
368	90.96	910 	1.797
369	90.78	908 	1.802
370	90.60	906 	1.807
371	90.42	904 	1.812
372	90.24	902 	1.816
373	90.06	901 	1.821
374	89.88	899 	1.826
375	89.70	897 	1.831
376	89.52	895 	1.836
377	89.35	893 	1.841
378	89.17	892 	1.846
379	88.99	890 	1.851
380	88.81	888 	1.855
381	88.64	886 	1.860
382	88.46	885 	1.865
383	88.28	883 	1.870
384	88.11	881 	1.875
385	87.93	879 	1.880
386	87.75	878 	1.885
387	87.58	876 	1.890
388	87.40	874 	1.895
389	87.23	872 	1.899
390	87.06	871 	1.904
391	86.88	869 	1.909
392	86.71	867 	1.914
393	86.53	865 	1.919
394	86.36	864 	1.924
395	86.19	862 	1.929
396	86.01	860 	1.934
397	85.84	858 	1.938
398	85.67	857 	1.943
399	85.50	855 	1.948
400	85.33	853 	1.953
401	85.15	852 	1.958
402	84.98	850 	1.963
403	84.81	848 	1.968
404	84.64	846 	1.973
405	84.47	845 	1.978
406	84.30	843 	1.982
407	84.13	841 	1.987
408	83.96	840 	1.992
409	83.79	838 	1.997
410	83.62	836 	2.002
411	83.45	835 	2.007
412	83.28	833 	2.012
413	83.11	831 	2.017
414	82.95	829 	2.021
415	82.78	828 	2.026
416	82.61	826 	2.031
417	82.44	824 	2.036
418	82.27	823 	2.041
419	82.11	821 	2.046
420	81.94	819 	2.051
421	81.77	818 	2.056
422	81.61	816 	2.061
423	81.44	814 	2.065
424	81.27	813 	2.070
425	81.11	811 	2.075
426	80.94	809 	2.080
427	80.78	808 	2.085
428	80.61	806 	2.090
429	80.44	804 	2.095
430	80.28	803 	2.100
431	80.11	801 	2.104
432	79.95	799 	2.109
433	79.78	798 	2.114
434	79.62	796 	2.119
435	79.46	795 	2.124
436	79.29	793 	2.129
437	79.13	791 	2.134
438	78.96	790 	2.139
439	78.80	788 	2.144
440	78.64	786 	2.148
441	78.48	785 	2.153
442	78.31	783 	2.158
443	78.15	781 	2.163
444	77.99	780 	2.168
445	77.82	778 	2.173
446	77.66	777 	2.178
447	77.50	775 	2.183
448	77.34	773 	2.188
449	77.18	772 	2.192
450	77.02	770 	2.197
451	76.85	769 	2.202
452	76.69	767 	2.207
453	76.53	765 	2.212
454	76.37	764 	2.217
455	76.21	762 	2.222
456	76.05	760 	2.227
457	75.89	759 	2.231
458	75.73	757 	2.236
459	75.57	756 	2.241
460	75.41	754 	2.246
461	75.25	752 	2.251
462	75.09	751 	2.256
463	74.93	749 	2.261
464	74.77	748 	2.266
465	74.61	746 	2.271
466	74.45	745 	2.275
467	74.29	743 	2.280
468	74.13	741 	2.285
469	73.98	740 	2.290
470	73.82	738 	2.295
471	73.66	737 	2.300
472	73.50	735 	2.305
473	73.34	733 	2.310
474	73.18	732 	2.314
475	73.03	730 	2.319
476	72.87	729 	2.324
477	72.71	727 	2.329
478	72.55	726 	2.334
479	72.40	724 	2.339
480	72.24	722 	2.344
481	72.08	721 	2.349
482	71.92	719 	2.354
483	71.77	718 	2.358
484	71.61	716 	2.363
485	71.45	715 	2.368
486	71.30	713 	2.373
487	71.14	711 	2.378
488	70.99	710 	2.383
489	70.83	708 	2.388
490	70.67	707 	2.393
491	70.52	705 	2.397
492	70.36	704 	2.402
493	70.21	702 	2.407
494	70.05	700 	2.412
495	69.89	699 	2.417
496	69.74	697 	2.422
497	69.58	696 	2.427
498	69.43	694 	2.432
499	69.27	693 	2.437
500	69.12	691 	2.441
501	68.96	690 	2.446
502	68.81	688 	2.451
503	68.65	687 	2.456
504	68.50	685 	2.461
505	68.34	683 	2.466
506	68.19	682 	2.471
507	68.03	680 	2.476
508	67.88	679 	2.480
509	67.73	677 	2.485
510	67.57	676 	2.490
511	67.42	674 	2.495
512	67.26	673 	2.500
513	67.11	671 	2.505
514	66.96	670 	2.510
515	66.80	668 	2.515
516	66.65	666 	2.520
517	66.49	665 	2.524
518	66.34	663 	2.529
519	66.19	662 	2.534
520	66.03	660 	2.539
521	65.88	659 	2.544
522	65.73	657 	2.549
523	65.57	656 	2.554
524	65.42	654 	2.559
525	65.27	653 	2.563
526	65.11	651 	2.568
527	64.96	650 	2.573
528	64.81	648 	2.578
529	64.66	647 	2.583
530	64.50	645 	2.588
531	64.35	644 	2.593
532	64.20	642 	2.598
533	64.04	640 	2.603
534	63.89	639 	2.607
535	63.74	637 	2.612
536	63.59	636 	2.617
537	63.43	634 	2.622
538	63.28	633 	2.627
539	63.13	631 	2.632
540	62.98	630 	2.637
541	62.83	628 	2.642
542	62.67	627 	2.646
543	62.52	625 	2.651
544	62.37	624 	2.656
545	62.22	622 	2.661
546	62.06	621 	2.666
547	61.91	619 	2.671
548	61.76	618 	2.676
549	61.61	616 	2.681
550	61.46	615 	2.686
551	61.31	613 	2.690
552	61.15	612 	2.695
553	61.00	610 	2.700
554	60.85	608 	2.705
555	60.70	607 	2.710
556	60.55	605 	2.715
557	60.39	604 	2.720
558	60.24	602 	2.725
559	60.09	601 	2.729
560	59.94	599 	2.734
561	59.79	598 	2.739
562	59.64	596 	2.744
563	59.49	595 	2.749
564	59.33	593 	2.754
565	59.18	592 	2.759
566	59.03	590 	2.764
567	58.88	589 	2.769
568	58.73	587 	2.773
569	58.58	586 	2.778
570	58.42	584 	2.783
571	58.27	583 	2.788
572	58.12	581 	2.793
573	57.97	580 	2.798
574	57.82	578 	2.803
575	57.67	577 	2.808
576	57.52	575 	2.813
577	57.36	574 	2.817
578	57.21	572 	2.822
579	57.06	571 	2.827
580	56.91	569 	2.832
581	56.76	568 	2.837
582	56.61	566 	2.842
583	56.46	565 	2.847
584	56.30	563 	2.852
585	56.15	562 	2.856
586	56.00	560 	2.861
587	55.85	559 	2.866
588	55.70	557 	2.871
589	55.55	555 	2.876
590	55.40	554 	2.881
591	55.24	552 	2.886
592	55.09	551 	2.891
593	54.94	549 	2.896
594	54.79	548 	2.900
595	54.64	546 	2.905
596	54.49	545 	2.910
597	54.34	543 	2.915
598	54.18	542 	2.920
599	54.03	540 	2.925
600	53.88	539 	2.930
601	53.73	537 	2.935
602	53.58	536 	2.939
603	53.43	534 	2.944
604	53.27	533 	2.949
605	53.12	531 	2.954
606	52.97	530 	2.959
607	52.82	528 	2.964
608	52.67	527 	2.969
609	52.51	525 	2.974
610	52.36	524 	2.979
611	52.21	522 	2.983
612	52.06	521 	2.988
613	51.91	519 	2.993
614	51.75	518 	2.998
615	51.60	516 	3.003
616	51.45	514 	3.008
617	51.30	513 	3.013
618	51.14	511 	3.018
619	50.99	510 	3.022
620	50.84	508 	3.027
621	50.69	507 	3.032
622	50.53	505 	3.037
623	50.38	504 	3.042
624	50.23	502 	3.047
625	50.08	501 	3.052
626	49.92	499 	3.057
627	49.77	498 	3.062
628	49.62	496 	3.066
629	49.46	495 	3.071
630	49.31	493 	3.076
631	49.16	492 	3.081
632	49.01	490 	3.086
633	48.85	489 	3.091
634	48.70	487 	3.096
635	48.55	485 	3.101
636	48.39	484 	3.105
637	48.24	482 	3.110
638	48.08	481 	3.115
639	47.93	479 	3.120
640	47.78	478 	3.125
641	47.62	476 	3.130
642	47.47	475 	3.135
643	47.32	473 	3.140
644	47.16	472 	3.145
645	47.01	470 	3.149
646	46.85	469 	3.154
647	46.70	467 	3.159
648	46.54	465 	3.164
649	46.39	464 	3.169
650	46.24	462 	3.174
651	46.08	461 	3.179
652	45.93	459 	3.184
653	45.77	458 	3.188
654	45.62	456 	3.193
655	45.46	455 	3.198
656	45.31	453 	3.203
657	45.15	452 	3.208
658	44.99	450 	3.213
659	44.84	448 	3.218
660	44.68	447 	3.223
661	44.53	445 	3.228
662	44.37	444 	3.232
663	44.22	442 	3.237
664	44.06	441 	3.242
665	43.90	439 	3.247
666	43.75	437 	3.252
667	43.59	436 	3.257
668	43.43	434 	3.262
669	43.28	433 	3.267
670	43.12	431 	3.271
671	42.96	430 	3.276
672	42.81	428 	3.281
673	42.65	427 	3.286
674	42.49	425 	3.291
675	42.34	423 	3.296
676	42.18	422 	3.301
677	42.02	420 	3.306
678	41.86	419 	3.311
679	41.70	417 	3.315
680	41.55	415 	3.320
681	41.39	414 	3.325
682	41.23	412 	3.330
683	41.07	411 	3.335
684	40.91	409 	3.340
685	40.75	408 	3.345
686	40.59	406 	3.350
687	40.44	404 	3.354
688	40.28	403 	3.359
689	40.12	401 	3.364
690	39.96	400 	3.369
691	39.80	398 	3.374
692	39.64	396 	3.379
693	39.48	395 	3.384
694	39.32	393 	3.389
695	39.16	392 	3.394
696	39.00	390 	3.398
697	38.84	388 	3.403
698	38.67	387 	3.408
699	38.51	385 	3.413
700	38.35	384 	3.418
701	38.19	382 	3.423
702	38.03	380 	3.428
703	37.87	379 	3.433
704	37.71	377 	3.438
705	37.54	375 	3.442
706	37.38	374 	3.447
707	37.22	372 	3.452
708	37.06	371 	3.457
709	36.89	369 	3.462
710	36.73	367 	3.467
711	36.57	366 	3.472
712	36.40	364 	3.477
713	36.24	362 	3.481
714	36.08	361 	3.486
715	35.91	359 	3.491
716	35.75	357 	3.496
717	35.58	356 	3.501
718	35.42	354 	3.506
719	35.25	353 	3.511
720	35.09	351 	3.516
721	34.92	349 	3.521
722	34.76	348 	3.525
723	34.59	346 	3.530
724	34.42	344 	3.535
725	34.26	343 	3.540
726	34.09	341 	3.545
727	33.92	339 	3.550
728	33.76	338 	3.555
729	33.59	336 	3.560
730	33.42	334 	3.564
731	33.26	333 	3.569
732	33.09	331 	3.574
733	32.92	329 	3.579
734	32.75	328 	3.584
735	32.58	326 	3.589
736	32.41	324 	3.594
737	32.24	322 	3.599
738	32.07	321 	3.604
739	31.90	319 	3.608
740	31.73	317 	3.613
741	31.56	316 	3.618
742	31.39	314 	3.623
743	31.22	312 	3.628
744	31.05	311 	3.633
745	30.88	309 	3.638
746	30.71	307 	3.643
747	30.54	305 	3.647
748	30.36	304 	3.652
749	30.19	302 	3.657
750	30.02	300 	3.662
751	29.85	298 	3.667
752	29.67	297 	3.672
753	29.50	295 	3.677
754	29.32	293 	3.682
755	29.15	292 	3.687
756	28.98	290 	3.691
757	28.80	288 	3.696
758	28.63	286 	3.701
759	28.45	284 	3.706
760	28.27	283 	3.711
761	28.10	281 	3.716
762	27.92	279 	3.721
763	27.74	277 	3.726
764	27.57	276 	3.730
765	27.39	274 	3.735
766	27.21	272 	3.740
767	27.03	270 	3.745
768	26.85	269 	3.750
769	26.68	267 	3.755
770	26.50	265 	3.760
771	26.32	263 	3.765
772	26.14	261 	3.770
773	25.96	260 	3.774
774	25.77	258 	3.779
775	25.59	256 	3.784
776	25.41	254 	3.789
777	25.23	252 	3.794
778	25.05	250 	3.799
779	24.86	249 	3.804
780	24.68	247 	3.809
781	24.50	245 	3.813
782	24.31	243 	3.818
783	24.13	241 	3.823
784	23.95	239 	3.828
785	23.76	238 	3.833
786	23.57	236 	3.838
787	23.39	234 	3.843
788	23.20	232 	3.848
789	23.02	230 	3.853
790	22.83	228 	3.857
791	22.64	226 	3.862
792	22.45	225 	3.867
793	22.26	223 	3.872
794	22.07	221 	3.877
795	21.88	219 	3.882
796	21.69	217 	3.887
797	21.50	215 	3.892
798	21.31	213 	3.896
799	21.12	211 	3.901
800	20.93	209 	3.906
801	20.74	207 	3.911
802	20.54	205 	3.916
803	20.35	204 	3.921
804	20.16	202 	3.926
805	19.96	200 	3.931
806	19.77	198 	3.936
807	19.57	196 	3.940
808	19.38	194 	3.945
809	19.18	192 	3.950
810	18.98	190 	3.955
811	18.78	188 	3.960
812	18.59	186 	3.965
813	18.39	184 	3.970
814	18.19	182 	3.975
815	17.99	180 	3.979
816	17.79	178 	3.984
817	17.59	176 	3.989
818	17.39	174 	3.994
819	17.18	172 	3.999
820	16.98	170 	4.004
821	16.78	168 	4.009
822	16.57	166 	4.014
823	16.37	164 	4.019
824	16.16	162 	4.023
825	15.96	160 	4.028
826	15.75	158 	4.033
827	15.54	155 	4.038
828	15.34	153 	4.043
829	15.13	151 	4.048
830	14.92	149 	4.053
831	14.71	147 	4.058
832	14.50	145 	4.063
833	14.29	143 	4.067
834	14.08	141 	4.072
835	13.86	139 	4.077
836	13.65	137 	4.082
837	13.44	134 	4.087
838	13.22	132 	4.092
839	13.01	130 	4.097
840	12.79	128 	4.102
841	12.57	126 	4.106
842	12.36	124 	4.111
843	12.14	121 	4.116
844	11.92	119 	4.121
845	11.70	117 	4.126
846	11.48	115 	4.131
847	11.26	113 	4.136
848	11.03	110 	4.141
849	10.81	108 	4.146
850	10.59	106 	4.150
851	10.36	104 	4.155
852	10.14	101 	4.160
853	9.91	99 	4.165
854	9.68	97 	4.170
855	9.45	95 	4.175
856	9.22	92 	4.180
857	8.99	90 	4.185
858	8.76	88 	4.189
859	8.53	85 	4.194
860	8.30	83 	4.199
861	8.06	81 	4.204
862	7.83	78 	4.209
863	7.59	76 	4.214
864	7.35	74 	4.219
865	7.12	71 	4.224
866	6.88	69 	4.229
867	6.64	66 	4.233
868	6.40	64 	4.238
869	6.15	62 	4.243
870	5.91	59 	4.248
871	5.67	57 	4.253
872	5.42	54 	4.258
873	5.17	52 	4.263
874	4.93	49 	4.268
875	4.68	47 	4.272
876	4.43	44 	4.277
877	4.18	42 	4.282
878	3.92	39 	4.287
879	3.67	37 	4.292
880	3.42	34 	4.297
881	3.16	32 	4.302
882	2.90	29 	4.307
883	2.64	26 	4.312
884	2.38	24 	4.316
885	2.12	21 	4.321
886	1.86	19 	4.326
887	1.60	16 	4.331
888	1.33	13 	4.336
889	1.06	11 	4.341
890	0.79	8 	4.346
891	0.52	5 	4.351
892	0.25	3 	4.355
893	-0.02	0 	4.360
894	-0.29	-3 	4.365
895	-0.57	-6 	4.370
896	-0.85	-8 	4.375
897	-1.13	-11 	4.380
898	-1.41	-14 	4.385
899	-1.69	-17 	4.390
900	-1.97	-20 	4.395
901	-2.26	-23 	4.399
902	-2.54	-25 	4.404
903	-2.83	-28 	4.409
904	-3.12	-31 	4.414
905	-3.42	-34 	4.419
906	-3.71	-37 	4.424
907	-4.01	-40 	4.429
908	-4.31	-43 	4.434
909	-4.61	-46 	4.438
910	-4.91	-49 	4.443
911	-5.21	-52 	4.448
912	-5.52	-55 	4.453
913	-5.83	-58 	4.458
914	-6.14	-61 	4.463
915	-6.45	-65 	4.468
916	-6.76	-68 	4.473
917	-7.08	-71 	4.478
918	-7.40	-74 	4.482
919	-7.72	-77 	4.487
920	-8.05	-80 	4.492
921	-8.37	-84 	4.497
922	-8.70	-87 	4.502
923	-9.03	-90 	4.507
924	-9.37	-94 	4.512
925	-9.70	-97 	4.517
926	-10.04	-100 	4.521
927	-10.38	-104 	4.526
928	-10.73	-107 	4.531
929	-11.08	-111 	4.536
930	-11.43	-114 	4.541
931	-11.78	-118 	4.546
932	-12.13	-121 	4.551
933	-12.49	-125 	4.556
934	-12.86	-129 	4.561
935	-13.22	-132 	4.565
936	-13.59	-136 	4.570
937	-13.96	-140 	4.575
938	-14.34	-143 	4.580
939	-14.72	-147 	4.585
940	-15.10	-151 	4.590
941	-15.49	-155 	4.595
942	-15.88	-159 	4.600
943	-16.27	-163 	4.604
944	-16.67	-167 	4.609
945	-17.07	-171 	4.614
946	-17.48	-175 	4.619
947	-17.89	-179 	4.624
948	-18.30	-183 	4.629
949	-18.72	-187 	4.634
950	-19.14	-191 	4.639
951	-19.57	-196 	4.644
952	-20.00	-200 	4.648
953	-20.44	-204 	4.653
954	-20.88	-209 	4.658
955	-21.33	-213 	4.663
956	-21.79	-218 	4.668
957	-22.24	-222 	4.673
958	-22.71	-227 	4.678
959	-23.18	-232 	4.683
960	-23.66	-237 	4.688
961	-24.14	-241 	4.692
962	-24.63	-246 	4.697
963	-25.13	-251 	4.702
964	-25.63	-256 	4.707
965	-26.14	-261 	4.712
966	-26.66	-267 	4.717
967	-27.18	-272 	4.722
968	-27.71	-277 	4.727
969	-28.25	-283 	4.731
970	-28.80	-288 	4.736
971	-29.36	-294 	4.741
972	-29.93	-299 	4.746
973	-30.50	-305 	4.751
974	-31.09	-311 	4.756
975	-31.68	-317 	4.761
976	-32.29	-323 	4.766
977	-32.91	-329 	4.771
978	-33.54	-335 	4.775
979	-34.18	-342 	4.780
980	-34.83	-348 	4.785
981	-35.49	-355 	4.790
982	-36.17	-362 	4.795
983	-36.87	-369 	4.800
984	-37.58	-376 	4.805
985	-38.30	-383 	4.810
986	-39.04	-390 	4.814
987	-39.80	-398 	4.819
988	70.00	700 	4.824
989	70.00	700 	4.829
990	70.00	700 	4.834
991	70.00	700 	4.839
992	70.00	700 	4.844
993	70.00	700 	4.849
994	70.00	700 	4.854
995	70.00	700 	4.858
996	70.00	700 	4.863
997	70.00	700 	4.868
998	70.00	700 	4.873
999	70.00	700 	4.878
1000	70.00	700 	4.883
1001	70.00	700 	4.888
1002	70.00	700 	4.893
1003	70.00	700 	4.897
1004	70.00	700 	4.902
1005	70.00	700 	4.907
1006	70.00	700 	4.912
1007	70.00	700 	4.917
1008	70.00	700 	4.922
1009	70.00	700 	4.927
1010	70.00	700 	4.932
1011	70.00	700 	4.937
1012	70.00	700 	4.941
1013	70.00	700 	4.946
1014	70.00	700 	4.951
1015	70.00	700 	4.956
1016	70.00	700 	4.961
1017	70.00	700 	4.966
1018	70.00	700 	4.971
1019	70.00	700 	4.976
1020	70.00	700 	4.980
1021	70.00	700 	4.985
1022	70.00	700 	4.990
1023	70.00	700 	4.995
